	Warning:  warning, (EE) error, (NI) not implemented, (??) unknown.
[ 13397.611] Warning:  Falling back to old probe method for modesetting
[ 13397.612] Warning:  Falling back to old probe method for fbdev
[ 13397.648] Warning:  vmware(0): Failed to initialize Gallium3D Xa. No render acceleration available.
[ 13397.648] Warning:  vmware(0): Skipped initialization of direct rendering due to lack of render acceleration.
[ 13397.649] Warning:  vmware(0): Disabling Xv because no adaptors could be initialized.
	(++) from command line, (!!) notice, Information:  informational,
[ 13397.236] Information:  The server relies on udev to provide the list of input devices.
[ 13397.236] Information:  Loader magic: 0x55703fed9020
[ 13397.236] Information:  Module ABI versions:
[ 13397.239] Information:  xfree86: Adding drm device (/dev/dri/card0)
[ 13397.281] Information:  LoadModule: "glx"
[ 13397.283] Information:  Loading /usr/lib64/xorg/modules/extensions/libglx.so
[ 13397.304] Information:  Module glx: vendor="X.Org Foundation"
[ 13397.304] Information:  LoadModule: "vmware"
[ 13397.304] Information:  Loading /usr/lib64/xorg/modules/drivers/vmware_drv.so
[ 13397.605] Information:  Module vmware: vendor="X.Org Foundation"
[ 13397.605] Information:  LoadModule: "modesetting"
[ 13397.605] Information:  Loading /usr/lib64/xorg/modules/drivers/modesetting_drv.so
[ 13397.607] Information:  Module modesetting: vendor="X.Org Foundation"
[ 13397.607] Information:  LoadModule: "fbdev"
[ 13397.608] Information:  Loading /usr/lib64/xorg/modules/drivers/fbdev_drv.so
[ 13397.609] Information:  Module fbdev: vendor="X.Org Foundation"
[ 13397.609] Information:  LoadModule: "vesa"
[ 13397.609] Information:  Loading /usr/lib64/xorg/modules/drivers/vesa_drv.so
[ 13397.611] Information:  Module vesa: vendor="X.Org Foundation"
[ 13397.611] Information:  vmware: driver for VMware SVGA: vmware0405, vmware0710
[ 13397.611] Information:  modesetting: Driver for Modesetting Kernel Drivers: kms
[ 13397.611] Information:  FBDEV: driver for framebuffer: fbdev
[ 13397.611] Information:  VESA: driver for VESA chipsets: vesa
[ 13397.612] Information:  Loading sub module "fbdevhw"
[ 13397.612] Information:  LoadModule: "fbdevhw"
[ 13397.612] Information:  Loading /usr/lib64/xorg/modules/libfbdevhw.so
[ 13397.625] Information:  Module fbdevhw: vendor="X.Org Foundation"
[ 13397.625] Information:  vmware(0): Creating default Display subsection in Screen section
[ 13397.627] Information:  vmware(0): Output Virtual1 has no monitor section
[ 13397.627] Information:  vmware(0): Output Virtual2 has no monitor section
[ 13397.627] Information:  vmware(0): Output Virtual3 has no monitor section
[ 13397.627] Information:  vmware(0): Output Virtual4 has no monitor section
[ 13397.627] Information:  vmware(0): Output Virtual5 has no monitor section
[ 13397.627] Information:  vmware(0): Output Virtual6 has no monitor section
[ 13397.627] Information:  vmware(0): Output Virtual7 has no monitor section
[ 13397.627] Information:  vmware(0): Output Virtual8 has no monitor section
[ 13397.627] Information:  vmware(0): Printing probed modes for output Virtual1
[ 13397.627] Information:  vmware(0): Modeline "800x600"x60.0   42.75  800 850 900 950  600 650 700 750 -hsync +vsync (45.0 kHz eP)
[ 13397.627] Information:  vmware(0): Modeline "2560x1600"x60.0  348.50  2560 2752 3032 3504  1600 1603 1609 1658 -hsync +vsync (99.5 kHz e)
[ 13397.627] Information:  vmware(0): Modeline "1920x1440"x60.0  234.00  1920 2048 2256 2600  1440 1441 1444 1500 -hsync +vsync (90.0 kHz e)
[ 13397.627] Information:  vmware(0): Modeline "1856x1392"x60.0  218.25  1856 1952 2176 2528  1392 1393 1396 1439 -hsync +vsync (86.3 kHz e)
[ 13397.627] Information:  vmware(0): Modeline "1792x1344"x60.0  204.75  1792 1920 2120 2448  1344 1345 1348 1394 -hsync +vsync (83.6 kHz e)
[ 13397.627] Information:  vmware(0): Modeline "1920x1200"x59.9  193.25  1920 2056 2256 2592  1200 1203 1209 1245 -hsync +vsync (74.6 kHz e)
[ 13397.627] Information:  vmware(0): Modeline "1600x1200"x60.0  162.00  1600 1664 1856 2160  1200 1201 1204 1250 +hsync +vsync (75.0 kHz e)
[ 13397.627] Information:  vmware(0): Modeline "1680x1050"x60.0  146.25  1680 1784 1960 2240  1050 1053 1059 1089 -hsync +vsync (65.3 kHz e)
[ 13397.627] Information:  vmware(0): Modeline "1400x1050"x60.0  121.75  1400 1488 1632 1864  1050 1053 1057 1089 -hsync +vsync (65.3 kHz e)
[ 13397.627] Information:  vmware(0): Modeline "1280x1024"x60.0  108.00  1280 1328 1440 1688  1024 1025 1028 1066 +hsync +vsync (64.0 kHz e)
[ 13397.627] Information:  vmware(0): Modeline "1440x900"x59.9  106.50  1440 1520 1672 1904  900 903 909 934 -hsync +vsync (55.9 kHz e)
[ 13397.627] Information:  vmware(0): Modeline "1280x960"x60.0  108.00  1280 1376 1488 1800  960 961 964 1000 +hsync +vsync (60.0 kHz e)
[ 13397.628] Information:  vmware(0): Modeline "1360x768"x60.0   85.50  1360 1424 1536 1792  768 771 777 795 +hsync +vsync (47.7 kHz e)
[ 13397.628] Information:  vmware(0): Modeline "1280x800"x59.8   83.50  1280 1352 1480 1680  800 803 809 831 +hsync -vsync (49.7 kHz e)
[ 13397.628] Information:  vmware(0): Modeline "1152x864"x75.0  108.00  1152 1216 1344 1600  864 865 868 900 +hsync +vsync (67.5 kHz e)
[ 13397.628] Information:  vmware(0): Modeline "1280x768"x59.9   79.50  1280 1344 1472 1664  768 771 778 798 -hsync +vsync (47.8 kHz e)
[ 13397.628] Information:  vmware(0): Modeline "1024x768"x60.0   65.00  1024 1048 1184 1344  768 771 777 806 -hsync -vsync (48.4 kHz e)
[ 13397.628] Information:  vmware(0): Modeline "800x600"x60.3   40.00  800 840 968 1056  600 601 605 628 +hsync +vsync (37.9 kHz e)
[ 13397.628] Information:  vmware(0): Modeline "640x480"x59.9   25.18  640 656 752 800  480 489 492 525 -hsync -vsync (31.5 kHz e)
[ 13397.628] Information:  vmware(0): EDID for output Virtual2
[ 13397.628] Information:  vmware(0): EDID for output Virtual3
[ 13397.628] Information:  vmware(0): EDID for output Virtual4
[ 13397.628] Information:  vmware(0): EDID for output Virtual5
[ 13397.628] Information:  vmware(0): EDID for output Virtual6
[ 13397.628] Information:  vmware(0): EDID for output Virtual7
[ 13397.628] Information:  vmware(0): EDID for output Virtual8
[ 13397.628] Information:  vmware(0): Output Virtual1 connected
[ 13397.628] Information:  vmware(0): Output Virtual2 disconnected
[ 13397.628] Information:  vmware(0): Output Virtual3 disconnected
[ 13397.628] Information:  vmware(0): Output Virtual4 disconnected
[ 13397.628] Information:  vmware(0): Output Virtual5 disconnected
[ 13397.628] Information:  vmware(0): Output Virtual6 disconnected
[ 13397.628] Information:  vmware(0): Output Virtual7 disconnected
[ 13397.628] Information:  vmware(0): Output Virtual8 disconnected
[ 13397.628] Information:  vmware(0): Using exact sizes for initial modes
[ 13397.628] Information:  vmware(0): Output Virtual1 using initial mode 800x600 +0+0
[ 13397.628] Information:  Loading sub module "fb"
[ 13397.628] Information:  LoadModule: "fb"
[ 13397.628] Information:  Loading /usr/lib64/xorg/modules/libfb.so
[ 13397.643] Information:  Module fb: vendor="X.Org Foundation"
[ 13397.643] Information:  Loading sub module "dri2"
[ 13397.643] Information:  LoadModule: "dri2"
[ 13397.643] Information:  Module "dri2" already built-in
[ 13397.643] Information:  UnloadModule: "modesetting"
[ 13397.643] Information:  Unloading modesetting
[ 13397.643] Information:  UnloadModule: "fbdev"
[ 13397.643] Information:  Unloading fbdev
[ 13397.643] Information:  UnloadSubModule: "fbdevhw"
[ 13397.643] Information:  Unloading fbdevhw
[ 13397.643] Information:  UnloadModule: "vesa"
[ 13397.643] Information:  Unloading vesa
[ 13397.644] Information:  vmware(0): Initialized VMWARE_CTRL extension version 0.2
[ 13397.649] Information:  vmware(0): No 3D acceleration. Not setting up textured video.
[ 13397.649] Information:  Initializing extension Generic Event Extension
[ 13397.649] Information:  Initializing extension SHAPE
[ 13397.649] Information:  Initializing extension MIT-SHM
[ 13397.650] Information:  Initializing extension XInputExtension
[ 13397.650] Information:  Initializing extension XTEST
[ 13397.650] Information:  Initializing extension BIG-REQUESTS
[ 13397.651] Information:  Initializing extension SYNC
[ 13397.651] Information:  Initializing extension XKEYBOARD
[ 13397.651] Information:  Initializing extension XC-MISC
[ 13397.652] Information:  Initializing extension SECURITY
[ 13397.652] Information:  Initializing extension XFIXES
[ 13397.652] Information:  Initializing extension RENDER
[ 13397.653] Information:  Initializing extension RANDR
[ 13397.653] Information:  Initializing extension COMPOSITE
[ 13397.654] Information:  Initializing extension DAMAGE
[ 13397.654] Information:  Initializing extension MIT-SCREEN-SAVER
[ 13397.654] Information:  Initializing extension DOUBLE-BUFFER
[ 13397.654] Information:  Initializing extension RECORD
[ 13397.655] Information:  Initializing extension DPMS
[ 13397.655] Information:  Initializing extension Present
[ 13397.655] Information:  Initializing extension DRI3
[ 13397.655] Information:  Initializing extension X-Resource
[ 13397.655] Information:  Initializing extension XVideo
[ 13397.656] Information:  Initializing extension XVideo-MotionCompensation
[ 13397.656] Information:  Initializing extension SELinux
[ 13397.656] Information:  SELinux: Disabled by boolean
[ 13397.656] Information:  Initializing extension GLX
[ 13397.657] Information:  AIGLX: Screen 0 is not DRI2 capable
[ 13397.730] Information:  IGLX: Loaded and initialized swrast
[ 13397.730] Information:  GLX: Initialized DRISWRAST GL provider for screen 0
[ 13397.730] Information:  Initializing extension XFree86-VidModeExtension
[ 13397.731] Information:  Initializing extension XFree86-DGA
[ 13397.731] Information:  Initializing extension XFree86-DRI
[ 13397.731] Information:  Initializing extension DRI2
[ 13397.735] Information:  vmware(0): Setting screen physical size to 211 x 158
[ 13397.847] Information:  config/udev: Adding input device Power Button (/dev/input/event0)
[ 13397.847] Information:  LoadModule: "evdev"
[ 13397.847] Information:  Loading /usr/lib64/xorg/modules/input/evdev_drv.so
[ 13397.854] Information:  Module evdev: vendor="X.Org Foundation"
[ 13397.854] Information:  Using input driver 'evdev' for 'Power Button'
[ 13397.854] Information:  evdev: Power Button: Configuring as keyboard
[ 13397.854] Information:  XINPUT: Adding extended input device "Power Button" (type: KEYBOARD, id 6)
[ 13397.856] Information:  config/udev: Adding input device Sleep Button (/dev/input/event1)
[ 13397.856] Information:  Using input driver 'evdev' for 'Sleep Button'
[ 13397.856] Information:  evdev: Sleep Button: Configuring as keyboard
[ 13397.856] Information:  XINPUT: Adding extended input device "Sleep Button" (type: KEYBOARD, id 7)
[ 13397.858] Information:  config/udev: Adding input device Video Bus (/dev/input/event4)
[ 13397.858] Information:  Using input driver 'evdev' for 'Video Bus'
[ 13397.858] Information:  evdev: Video Bus: Configuring as keyboard
[ 13397.858] Information:  XINPUT: Adding extended input device "Video Bus" (type: KEYBOARD, id 8)
[ 13397.860] Information:  config/udev: Adding input device AT Translated Set 2 keyboard (/dev/input/event2)
[ 13397.860] Information:  Using input driver 'evdev' for 'AT Translated Set 2 keyboard'
[ 13397.861] Information:  evdev: AT Translated Set 2 keyboard: Configuring as keyboard
[ 13397.861] Information:  XINPUT: Adding extended input device "AT Translated Set 2 keyboard" (type: KEYBOARD, id 9)
[ 13397.862] Information:  config/udev: Adding input device ImExPS/2 Generic Explorer Mouse (/dev/input/event3)
[ 13397.862] Information:  Using input driver 'evdev' for 'ImExPS/2 Generic Explorer Mouse'
[ 13397.862] Information:  evdev: ImExPS/2 Generic Explorer Mouse: Configuring as mouse
[ 13397.862] Information:  evdev: ImExPS/2 Generic Explorer Mouse: Adding scrollwheel support
[ 13397.862] Information:  XINPUT: Adding extended input device "ImExPS/2 Generic Explorer Mouse" (type: MOUSE, id 10)
[ 13397.863] Information:  evdev: ImExPS/2 Generic Explorer Mouse: initialized for relative axes.
[ 13397.864] Information:  config/udev: Adding input device ImExPS/2 Generic Explorer Mouse (/dev/input/mouse0)
[ 13397.864] Information:  No input driver specified, ignoring this device.
[ 13397.864] Information:  This device may have been added with another device file.
[ 13397.865] Information:  config/udev: Adding input device PC Speaker (/dev/input/event5)
[ 13397.865] Information:  No input driver specified, ignoring this device.
[ 13397.865] Information:  This device may have been added with another device file.
